<?xml version="1.0" encoding="UTF-8"?>
<!-- Generated by org.testng.reporters.JUnitReportReporter -->
<testsuite skipped="0" hostname="DESKTOP-QG0QGF6" name="com.adactin.integration.AdactinIntegration" tests="1" failures="0" timestamp="2020-05-21T21:49:26 IST" time="40.429" errors="0">
  <testcase name="sample" time="40.429" classname="com.adactin.integration.AdactinIntegration"/>
  <system-out/>
</testsuite> <!-- com.adactin.integration.AdactinIntegration -->
